2016/06/12 11:17:08 [error] [exception.CException] exception 'CException' with message 'CMemCache requires PHP memcache extension to be loaded.' in D:\wamp\www\framework\caching\CMemCache.php:116
Stack trace:
#0 D:\wamp\www\framework\caching\CMemCache.php(89): CMemCache->getMemCache()
#1 D:\wamp\www\framework\base\CModule.php(394): CMemCache->init()
#2 D:\wamp\www\framework\web\CUrlManager.php(216): CModule->getComponent('cache')
#3 D:\wamp\www\framework\web\CUrlManager.php(206): CUrlManager->processRules()
#4 D:\wamp\www\framework\base\CModule.php(394): CUrlManager->init()
#5 D:\wamp\www\framework\base\CApplication.php(530): CModule->getComponent('urlManager')
#6 D:\wamp\www\framework\web\CWebApplication.php(140): CApplication->getUrlManager()
#7 D:\wamp\www\framework\base\CApplication.php(184): CWebApplication->processRequest()
#8 D:\wamp\www\lzy\www\index.php(10): CApplication->run()
#9 {main}
REQUEST_URI=/
---
2016/06/13 05:10:02 [error] [exception.CHttpException.404] exception 'CHttpException' with message '无法解析请求 "static/front/css/contacts/fonts.css"。' in D:\wamp\www\framework\web\CWebApplication.php:286
Stack trace:
#0 D:\wamp\www\framework\web\CWebApplication.php(141): CWebApplication->runController('static/front/cs...')
#1 D:\wamp\www\framework\base\CApplication.php(184): CWebApplication->processRequest()
#2 D:\wamp\www\lzy\www\index.php(10): CApplication->run()
#3 {main}
REQUEST_URI=/static/front/css/contacts/fonts.css
HTTP_REFERER=http://lzy.loc/
---
2016/06/13 05:10:02 [error] [exception.CHttpException.404] exception 'CHttpException' with message '无法解析请求 "static/front/css/font-awesome.min.css"。' in D:\wamp\www\framework\web\CWebApplication.php:286
Stack trace:
#0 D:\wamp\www\framework\web\CWebApplication.php(141): CWebApplication->runController('static/front/cs...')
#1 D:\wamp\www\framework\base\CApplication.php(184): CWebApplication->processRequest()
#2 D:\wamp\www\lzy\www\index.php(10): CApplication->run()
#3 {main}
REQUEST_URI=/static/front/css/font-awesome.min.css
HTTP_REFERER=http://lzy.loc/
---
2016/06/13 05:10:02 [error] [exception.CHttpException.404] exception 'CHttpException' with message '无法解析请求 "static/front/css/animate.min.css"。' in D:\wamp\www\framework\web\CWebApplication.php:286
Stack trace:
#0 D:\wamp\www\framework\web\CWebApplication.php(141): CWebApplication->runController('static/front/cs...')
#1 D:\wamp\www\framework\base\CApplication.php(184): CWebApplication->processRequest()
#2 D:\wamp\www\lzy\www\index.php(10): CApplication->run()
#3 {main}
REQUEST_URI=/static/front/css/animate.min.css
HTTP_REFERER=http://lzy.loc/
---
2016/06/13 05:10:02 [error] [exception.CHttpException.404] exception 'CHttpException' with message '无法解析请求 "static/front/css/bootstrap.min.css"。' in D:\wamp\www\framework\web\CWebApplication.php:286
Stack trace:
#0 D:\wamp\www\framework\web\CWebApplication.php(141): CWebApplication->runController('static/front/cs...')
#1 D:\wamp\www\framework\base\CApplication.php(184): CWebApplication->processRequest()
#2 D:\wamp\www\lzy\www\index.php(10): CApplication->run()
#3 {main}
REQUEST_URI=/static/front/css/bootstrap.min.css
HTTP_REFERER=http://lzy.loc/
---
2016/06/13 05:10:02 [error] [exception.CHttpException.404] exception 'CHttpException' with message '无法解析请求 "static/front/css/style.css"。' in D:\wamp\www\framework\web\CWebApplication.php:286
Stack trace:
#0 D:\wamp\www\framework\web\CWebApplication.php(141): CWebApplication->runController('static/front/cs...')
#1 D:\wamp\www\framework\base\CApplication.php(184): CWebApplication->processRequest()
#2 D:\wamp\www\lzy\www\index.php(10): CApplication->run()
#3 {main}
REQUEST_URI=/static/front/css/style.css
HTTP_REFERER=http://lzy.loc/
---
2016/06/13 05:10:02 [error] [exception.CHttpException.404] exception 'CHttpException' with message '无法解析请求 "static/front/js/jquery.js"。' in D:\wamp\www\framework\web\CWebApplication.php:286
Stack trace:
#0 D:\wamp\www\framework\web\CWebApplication.php(141): CWebApplication->runController('static/front/js...')
#1 D:\wamp\www\framework\base\CApplication.php(184): CWebApplication->processRequest()
#2 D:\wamp\www\lzy\www\index.php(10): CApplication->run()
#3 {main}
REQUEST_URI=/static/front/js/jquery.js
HTTP_REFERER=http://lzy.loc/
---
2016/06/13 05:10:02 [error] [exception.CHttpException.404] exception 'CHttpException' with message '无法解析请求 "ico/favicon.ico"。' in D:\wamp\www\framework\web\CWebApplication.php:286
Stack trace:
#0 D:\wamp\www\framework\web\CWebApplication.php(141): CWebApplication->runController('ico/favicon.ico')
#1 D:\wamp\www\framework\base\CApplication.php(184): CWebApplication->processRequest()
#2 D:\wamp\www\lzy\www\index.php(10): CApplication->run()
#3 {main}
REQUEST_URI=/ico/favicon.ico
HTTP_REFERER=http://lzy.loc/
---
2016/06/13 05:10:06 [error] [exception.CException] exception 'CException' with message '别名 "admin.AdminModule" 无效。请确认它指向一个存在的PHP文件。' in D:\wamp\www\framework\YiiBase.php:323
Stack trace:
#0 D:\wamp\www\framework\YiiBase.php(196): YiiBase::import('admin.AdminModu...', true)
#1 D:\wamp\www\framework\base\CModule.php(282): YiiBase::createComponent('admin.AdminModu...', 'admin', NULL, Array)
#2 D:\wamp\www\framework\web\CWebApplication.php(337): CModule->getModule('admin')
#3 D:\wamp\www\framework\web\CWebApplication.php(276): CWebApplication->createController('admin')
#4 D:\wamp\www\framework\web\CWebApplication.php(141): CWebApplication->runController('admin')
#5 D:\wamp\www\framework\base\CApplication.php(184): CWebApplication->processRequest()
#6 D:\wamp\www\lzy\www\index.php(10): CApplication->run()
#7 {main}
REQUEST_URI=/admin
---
2016/06/13 05:14:51 [error] [exception.CHttpException.404] exception 'CHttpException' with message '无法解析请求 "admin"。' in D:\wamp\www\framework\web\CWebApplication.php:286
Stack trace:
#0 D:\wamp\www\framework\web\CWebApplication.php(141): CWebApplication->runController('admin')
#1 D:\wamp\www\framework\base\CApplication.php(184): CWebApplication->processRequest()
#2 D:\wamp\www\lzy\www\index.php(10): CApplication->run()
#3 {main}
REQUEST_URI=/admin
---
2016/06/13 05:16:53 [error] [exception.CHttpException.404] exception 'CHttpException' with message '无法解析请求 "admin/login"。' in D:\wamp\www\framework\web\CWebApplication.php:286
Stack trace:
#0 D:\wamp\www\framework\web\CWebApplication.php(141): CWebApplication->runController('admin/login')
#1 D:\wamp\www\framework\base\CApplication.php(184): CWebApplication->processRequest()
#2 D:\wamp\www\lzy\www\index.php(10): CApplication->run()
#3 {main}
REQUEST_URI=/admin/login.html
---
2016/06/13 05:16:54 [error] [exception.CHttpException.404] exception 'CHttpException' with message '无法解析请求 "admin/login"。' in D:\wamp\www\framework\web\CWebApplication.php:286
Stack trace:
#0 D:\wamp\www\framework\web\CWebApplication.php(141): CWebApplication->runController('admin/login')
#1 D:\wamp\www\framework\base\CApplication.php(184): CWebApplication->processRequest()
#2 D:\wamp\www\lzy\www\index.php(10): CApplication->run()
#3 {main}
REQUEST_URI=/admin/login.html
---
2016/06/13 09:09:56 [error] [exception.CHttpException.404] exception 'CHttpException' with message '无法解析请求 "static/front/css/animate.min.css"。' in D:\wamp\www\framework\web\CWebApplication.php:286
Stack trace:
#0 D:\wamp\www\framework\web\CWebApplication.php(141): CWebApplication->runController('static/front/cs...')
#1 D:\wamp\www\framework\base\CApplication.php(184): CWebApplication->processRequest()
#2 D:\wamp\www\lzy\www\index.php(10): CApplication->run()
#3 {main}
REQUEST_URI=/static/front/css/animate.min.css
HTTP_REFERER=http://lzy.loc/
---
2016/06/13 09:09:56 [error] [exception.CHttpException.404] exception 'CHttpException' with message '无法解析请求 "static/front/css/bootstrap.min.css"。' in D:\wamp\www\framework\web\CWebApplication.php:286
Stack trace:
#0 D:\wamp\www\framework\web\CWebApplication.php(141): CWebApplication->runController('static/front/cs...')
#1 D:\wamp\www\framework\base\CApplication.php(184): CWebApplication->processRequest()
#2 D:\wamp\www\lzy\www\index.php(10): CApplication->run()
#3 {main}
REQUEST_URI=/static/front/css/bootstrap.min.css
HTTP_REFERER=http://lzy.loc/
---
2016/06/13 09:09:56 [error] [exception.CHttpException.404] exception 'CHttpException' with message '无法解析请求 "static/front/css/style.css"。' in D:\wamp\www\framework\web\CWebApplication.php:286
Stack trace:
#0 D:\wamp\www\framework\web\CWebApplication.php(141): CWebApplication->runController('static/front/cs...')
#1 D:\wamp\www\framework\base\CApplication.php(184): CWebApplication->processRequest()
#2 D:\wamp\www\lzy\www\index.php(10): CApplication->run()
#3 {main}
REQUEST_URI=/static/front/css/style.css
HTTP_REFERER=http://lzy.loc/
---
2016/06/13 09:09:56 [error] [exception.CHttpException.404] exception 'CHttpException' with message '无法解析请求 "static/front/js/jquery.js"。' in D:\wamp\www\framework\web\CWebApplication.php:286
Stack trace:
#0 D:\wamp\www\framework\web\CWebApplication.php(141): CWebApplication->runController('static/front/js...')
#1 D:\wamp\www\framework\base\CApplication.php(184): CWebApplication->processRequest()
#2 D:\wamp\www\lzy\www\index.php(10): CApplication->run()
#3 {main}
REQUEST_URI=/static/front/js/jquery.js
HTTP_REFERER=http://lzy.loc/
---
2016/06/13 09:09:56 [error] [exception.CHttpException.404] exception 'CHttpException' with message '无法解析请求 "static/front/css/contacts/fonts.css"。' in D:\wamp\www\framework\web\CWebApplication.php:286
Stack trace:
#0 D:\wamp\www\framework\web\CWebApplication.php(141): CWebApplication->runController('static/front/cs...')
#1 D:\wamp\www\framework\base\CApplication.php(184): CWebApplication->processRequest()
#2 D:\wamp\www\lzy\www\index.php(10): CApplication->run()
#3 {main}
REQUEST_URI=/static/front/css/contacts/fonts.css
HTTP_REFERER=http://lzy.loc/
---
2016/06/13 09:09:56 [error] [exception.CHttpException.404] exception 'CHttpException' with message '无法解析请求 "static/front/css/font-awesome.min.css"。' in D:\wamp\www\framework\web\CWebApplication.php:286
Stack trace:
#0 D:\wamp\www\framework\web\CWebApplication.php(141): CWebApplication->runController('static/front/cs...')
#1 D:\wamp\www\framework\base\CApplication.php(184): CWebApplication->processRequest()
#2 D:\wamp\www\lzy\www\index.php(10): CApplication->run()
#3 {main}
REQUEST_URI=/static/front/css/font-awesome.min.css
HTTP_REFERER=http://lzy.loc/
---
2016/06/13 09:09:56 [error] [exception.CHttpException.404] exception 'CHttpException' with message '无法解析请求 "ico/favicon.ico"。' in D:\wamp\www\framework\web\CWebApplication.php:286
Stack trace:
#0 D:\wamp\www\framework\web\CWebApplication.php(141): CWebApplication->runController('ico/favicon.ico')
#1 D:\wamp\www\framework\base\CApplication.php(184): CWebApplication->processRequest()
#2 D:\wamp\www\lzy\www\index.php(10): CApplication->run()
#3 {main}
REQUEST_URI=/ico/favicon.ico
HTTP_REFERER=http://lzy.loc/
---
2016/06/13 09:10:03 [error] [exception.CHttpException.404] exception 'CHttpException' with message '无法解析请求 "static/front/css/style.css"。' in D:\wamp\www\framework\web\CWebApplication.php:286
Stack trace:
#0 D:\wamp\www\framework\web\CWebApplication.php(141): CWebApplication->runController('static/front/cs...')
#1 D:\wamp\www\framework\base\CApplication.php(184): CWebApplication->processRequest()
#2 D:\wamp\www\lzy\www\index.php(10): CApplication->run()
#3 {main}
REQUEST_URI=/static/front/css/style.css
HTTP_REFERER=http://lzy.loc/admin/login.html
---
2016/06/13 09:10:03 [error] [exception.CHttpException.404] exception 'CHttpException' with message '无法解析请求 "static/front/css/bootstrap.min.css"。' in D:\wamp\www\framework\web\CWebApplication.php:286
Stack trace:
#0 D:\wamp\www\framework\web\CWebApplication.php(141): CWebApplication->runController('static/front/cs...')
#1 D:\wamp\www\framework\base\CApplication.php(184): CWebApplication->processRequest()
#2 D:\wamp\www\lzy\www\index.php(10): CApplication->run()
#3 {main}
REQUEST_URI=/static/front/css/bootstrap.min.css
HTTP_REFERER=http://lzy.loc/admin/login.html
---
2016/06/13 09:10:03 [error] [exception.CHttpException.404] exception 'CHttpException' with message '无法解析请求 "static/front/css/font-awesome.min.css"。' in D:\wamp\www\framework\web\CWebApplication.php:286
Stack trace:
#0 D:\wamp\www\framework\web\CWebApplication.php(141): CWebApplication->runController('static/front/cs...')
#1 D:\wamp\www\framework\base\CApplication.php(184): CWebApplication->processRequest()
#2 D:\wamp\www\lzy\www\index.php(10): CApplication->run()
#3 {main}
REQUEST_URI=/static/front/css/font-awesome.min.css
HTTP_REFERER=http://lzy.loc/admin/login.html
---
2016/06/13 09:10:03 [error] [exception.CHttpException.404] exception 'CHttpException' with message '无法解析请求 "static/front/css/animate.min.css"。' in D:\wamp\www\framework\web\CWebApplication.php:286
Stack trace:
#0 D:\wamp\www\framework\web\CWebApplication.php(141): CWebApplication->runController('static/front/cs...')
#1 D:\wamp\www\framework\base\CApplication.php(184): CWebApplication->processRequest()
#2 D:\wamp\www\lzy\www\index.php(10): CApplication->run()
#3 {main}
REQUEST_URI=/static/front/css/animate.min.css
HTTP_REFERER=http://lzy.loc/admin/login.html
---
2016/06/13 09:10:03 [error] [exception.CHttpException.404] exception 'CHttpException' with message '无法解析请求 "static/front/css/contacts/fonts.css"。' in D:\wamp\www\framework\web\CWebApplication.php:286
Stack trace:
#0 D:\wamp\www\framework\web\CWebApplication.php(141): CWebApplication->runController('static/front/cs...')
#1 D:\wamp\www\framework\base\CApplication.php(184): CWebApplication->processRequest()
#2 D:\wamp\www\lzy\www\index.php(10): CApplication->run()
#3 {main}
REQUEST_URI=/static/front/css/contacts/fonts.css
HTTP_REFERER=http://lzy.loc/admin/login.html
---
2016/06/13 09:10:03 [error] [exception.CHttpException.404] exception 'CHttpException' with message '无法解析请求 "static/front/js/jquery.js"。' in D:\wamp\www\framework\web\CWebApplication.php:286
Stack trace:
#0 D:\wamp\www\framework\web\CWebApplication.php(141): CWebApplication->runController('static/front/js...')
#1 D:\wamp\www\framework\base\CApplication.php(184): CWebApplication->processRequest()
#2 D:\wamp\www\lzy\www\index.php(10): CApplication->run()
#3 {main}
REQUEST_URI=/static/front/js/jquery.js
HTTP_REFERER=http://lzy.loc/admin/login.html
---
2016/06/13 09:10:24 [error] [exception.CHttpException.404] exception 'CHttpException' with message '无法解析请求 "admin/assets/js/jquery-2.0.3.min.js"。' in D:\wamp\www\framework\web\CWebApplication.php:286
Stack trace:
#0 D:\wamp\www\framework\web\CWebApplication.php(141): CWebApplication->runController('admin/assets/js...')
#1 D:\wamp\www\framework\base\CApplication.php(184): CWebApplication->processRequest()
#2 D:\wamp\www\lzy\www\index.php(10): CApplication->run()
#3 {main}
REQUEST_URI=/admin/assets/js/jquery-2.0.3.min.js
HTTP_REFERER=http://lzy.loc/admin/login.html
---
2016/06/13 09:10:24 [error] [exception.CHttpException.404] exception 'CHttpException' with message '无法解析请求 "admin/ico/favicon.ico"。' in D:\wamp\www\framework\web\CWebApplication.php:286
Stack trace:
#0 D:\wamp\www\framework\web\CWebApplication.php(141): CWebApplication->runController('admin/ico/favic...')
#1 D:\wamp\www\framework\base\CApplication.php(184): CWebApplication->processRequest()
#2 D:\wamp\www\lzy\www\index.php(10): CApplication->run()
#3 {main}
REQUEST_URI=/admin/ico/favicon.ico
HTTP_REFERER=http://lzy.loc/admin/login.html
---
2016/06/13 09:13:02 [error] [exception.CHttpException.404] exception 'CHttpException' with message '无法解析请求 "static/front/css/animate.min.css"。' in D:\wamp\www\framework\web\CWebApplication.php:286
Stack trace:
#0 D:\wamp\www\framework\web\CWebApplication.php(141): CWebApplication->runController('static/front/cs...')
#1 D:\wamp\www\framework\base\CApplication.php(184): CWebApplication->processRequest()
#2 D:\wamp\www\lzy\www\index.php(10): CApplication->run()
#3 {main}
REQUEST_URI=/static/front/css/animate.min.css
HTTP_REFERER=http://lzy.loc/admin/login.html
---
2016/06/13 09:13:02 [error] [exception.CHttpException.404] exception 'CHttpException' with message '无法解析请求 "static/front/css/font-awesome.min.css"。' in D:\wamp\www\framework\web\CWebApplication.php:286
Stack trace:
#0 D:\wamp\www\framework\web\CWebApplication.php(141): CWebApplication->runController('static/front/cs...')
#1 D:\wamp\www\framework\base\CApplication.php(184): CWebApplication->processRequest()
#2 D:\wamp\www\lzy\www\index.php(10): CApplication->run()
#3 {main}
REQUEST_URI=/static/front/css/font-awesome.min.css
HTTP_REFERER=http://lzy.loc/admin/login.html
---
2016/06/13 09:13:02 [error] [exception.CHttpException.404] exception 'CHttpException' with message '无法解析请求 "static/front/css/bootstrap.min.css"。' in D:\wamp\www\framework\web\CWebApplication.php:286
Stack trace:
#0 D:\wamp\www\framework\web\CWebApplication.php(141): CWebApplication->runController('static/front/cs...')
#1 D:\wamp\www\framework\base\CApplication.php(184): CWebApplication->processRequest()
#2 D:\wamp\www\lzy\www\index.php(10): CApplication->run()
#3 {main}
REQUEST_URI=/static/front/css/bootstrap.min.css
HTTP_REFERER=http://lzy.loc/admin/login.html
---
2016/06/13 09:13:02 [error] [exception.CHttpException.404] exception 'CHttpException' with message '无法解析请求 "static/front/css/contacts/fonts.css"。' in D:\wamp\www\framework\web\CWebApplication.php:286
Stack trace:
#0 D:\wamp\www\framework\web\CWebApplication.php(141): CWebApplication->runController('static/front/cs...')
#1 D:\wamp\www\framework\base\CApplication.php(184): CWebApplication->processRequest()
#2 D:\wamp\www\lzy\www\index.php(10): CApplication->run()
#3 {main}
REQUEST_URI=/static/front/css/contacts/fonts.css
HTTP_REFERER=http://lzy.loc/admin/login.html
---
2016/06/13 09:13:02 [error] [exception.CHttpException.404] exception 'CHttpException' with message '无法解析请求 "static/front/css/style.css"。' in D:\wamp\www\framework\web\CWebApplication.php:286
Stack trace:
#0 D:\wamp\www\framework\web\CWebApplication.php(141): CWebApplication->runController('static/front/cs...')
#1 D:\wamp\www\framework\base\CApplication.php(184): CWebApplication->processRequest()
#2 D:\wamp\www\lzy\www\index.php(10): CApplication->run()
#3 {main}
REQUEST_URI=/static/front/css/style.css
HTTP_REFERER=http://lzy.loc/admin/login.html
---
2016/06/13 09:15:15 [error] [exception.CHttpException.404] exception 'CHttpException' with message '无法解析请求 "admin/assets/css/bootstrap.min.css"。' in D:\wamp\www\framework\web\CWebApplication.php:286
Stack trace:
#0 D:\wamp\www\framework\web\CWebApplication.php(141): CWebApplication->runController('admin/assets/cs...')
#1 D:\wamp\www\framework\base\CApplication.php(184): CWebApplication->processRequest()
#2 D:\wamp\www\lzy\www\index.php(10): CApplication->run()
#3 {main}
REQUEST_URI=/admin/assets/css/bootstrap.min.css
HTTP_REFERER=http://lzy.loc/admin/login.html
---
2016/06/13 09:15:15 [error] [exception.CHttpException.404] exception 'CHttpException' with message '无法解析请求 "admin/assets/css/font-awesome.min.css"。' in D:\wamp\www\framework\web\CWebApplication.php:286
Stack trace:
#0 D:\wamp\www\framework\web\CWebApplication.php(141): CWebApplication->runController('admin/assets/cs...')
#1 D:\wamp\www\framework\base\CApplication.php(184): CWebApplication->processRequest()
#2 D:\wamp\www\lzy\www\index.php(10): CApplication->run()
#3 {main}
REQUEST_URI=/admin/assets/css/font-awesome.min.css
HTTP_REFERER=http://lzy.loc/admin/login.html
---
2016/06/13 09:15:15 [error] [exception.CHttpException.404] exception 'CHttpException' with message '无法解析请求 "admin/assets/css/ace-rtl.min.css"。' in D:\wamp\www\framework\web\CWebApplication.php:286
Stack trace:
#0 D:\wamp\www\framework\web\CWebApplication.php(141): CWebApplication->runController('admin/assets/cs...')
#1 D:\wamp\www\framework\base\CApplication.php(184): CWebApplication->processRequest()
#2 D:\wamp\www\lzy\www\index.php(10): CApplication->run()
#3 {main}
REQUEST_URI=/admin/assets/css/ace-rtl.min.css
HTTP_REFERER=http://lzy.loc/admin/login.html
---
2016/06/13 09:15:15 [error] [exception.CHttpException.404] exception 'CHttpException' with message '无法解析请求 "admin/assets/css/ace.min.css"。' in D:\wamp\www\framework\web\CWebApplication.php:286
Stack trace:
#0 D:\wamp\www\framework\web\CWebApplication.php(141): CWebApplication->runController('admin/assets/cs...')
#1 D:\wamp\www\framework\base\CApplication.php(184): CWebApplication->processRequest()
#2 D:\wamp\www\lzy\www\index.php(10): CApplication->run()
#3 {main}
REQUEST_URI=/admin/assets/css/ace.min.css
HTTP_REFERER=http://lzy.loc/admin/login.html
---
2016/06/13 09:15:36 [error] [exception.CHttpException.404] exception 'CHttpException' with message '无法解析请求 "admin/assets/js/jquery-2.0.3.min.js"。' in D:\wamp\www\framework\web\CWebApplication.php:286
Stack trace:
#0 D:\wamp\www\framework\web\CWebApplication.php(141): CWebApplication->runController('admin/assets/js...')
#1 D:\wamp\www\framework\base\CApplication.php(184): CWebApplication->processRequest()
#2 D:\wamp\www\lzy\www\index.php(10): CApplication->run()
#3 {main}
REQUEST_URI=/admin/assets/js/jquery-2.0.3.min.js
HTTP_REFERER=http://lzy.loc/admin/login.html
---
2016/06/13 09:21:01 [error] [exception.CException] exception 'CException' with message '属性 "LoginController.admin_module" 未被定义.' in D:\wamp\www\framework\base\CComponent.php:130
Stack trace:
#0 D:\wamp\www\lzy\protected\modules\admin\views\layouts\main.php(43): CComponent->__get('admin_module')
#1 D:\wamp\www\framework\web\CBaseController.php(126): require('D:\\wamp\\www\\lzy...')
#2 D:\wamp\www\framework\web\CBaseController.php(95): CBaseController->renderInternal('D:\\wamp\\www\\lzy...', Array, true)
#3 D:\wamp\www\framework\web\CController.php(784): CBaseController->renderFile('D:\\wamp\\www\\lzy...', Array, true)
#4 D:\wamp\www\lzy\protected\modules\admin\controllers\LoginController.php(17): CController->render('index')
#5 D:\wamp\www\framework\web\actions\CInlineAction.php(49): LoginController->actionIndex()
#6 D:\wamp\www\framework\web\CController.php(308): CInlineAction->runWithParams(Array)
#7 D:\wamp\www\framework\web\CController.php(286): CController->runAction(Object(CInlineAction))
#8 D:\wamp\www\framework\web\CController.php(265): CController->runActionWithFilters(Object(CInlineAction), Array)
#9 D:\wamp\www\framework\web\CWebApplication.php(282): CController->run('')
#10 D:\wamp\www\framework\web\CWebApplication.php(141): CWebApplication->runController('admin/login')
#11 D:\wamp\www\framework\base\CApplication.php(184): CWebApplication->processRequest()
#12 D:\wamp\www\lzy\www\index.php(10): CApplication->run()
#13 {main}
REQUEST_URI=/admin/login.html
---
2016/06/13 09:25:27 [error] [php] Undefined variable: model (D:\wamp\www\lzy\protected\modules\admin\views\login\index.php:44)
Stack trace:
#0 D:\wamp\www\framework\web\CController.php(869): LoginController->renderFile()
#1 D:\wamp\www\framework\web\CController.php(782): LoginController->renderPartial()
#2 D:\wamp\www\lzy\protected\modules\admin\controllers\LoginController.php(18): LoginController->render()
#3 D:\wamp\www\framework\web\actions\CInlineAction.php(49): LoginController->actionIndex()
#4 D:\wamp\www\framework\web\CController.php(308): CInlineAction->runWithParams()
#5 D:\wamp\www\framework\web\CController.php(286): LoginController->runAction()
#6 D:\wamp\www\framework\web\CController.php(265): LoginController->runActionWithFilters()
#7 D:\wamp\www\framework\web\CWebApplication.php(282): LoginController->run()
#8 D:\wamp\www\framework\web\CWebApplication.php(141): CWebApplication->runController()
#9 D:\wamp\www\framework\base\CApplication.php(184): CWebApplication->processRequest()
#10 D:\wamp\www\lzy\www\index.php(10): CWebApplication->run()
REQUEST_URI=/admin/login.html
in D:\wamp\www\lzy\protected\modules\admin\views\login\index.php (44)
in D:\wamp\www\lzy\protected\modules\admin\controllers\LoginController.php (18)
in D:\wamp\www\lzy\www\index.php (10)
2016/06/13 09:25:29 [error] [php] Undefined variable: model (D:\wamp\www\lzy\protected\modules\admin\views\login\index.php:44)
Stack trace:
#0 D:\wamp\www\framework\web\CController.php(869): LoginController->renderFile()
#1 D:\wamp\www\framework\web\CController.php(782): LoginController->renderPartial()
#2 D:\wamp\www\lzy\protected\modules\admin\controllers\LoginController.php(18): LoginController->render()
#3 D:\wamp\www\framework\web\actions\CInlineAction.php(49): LoginController->actionIndex()
#4 D:\wamp\www\framework\web\CController.php(308): CInlineAction->runWithParams()
#5 D:\wamp\www\framework\web\CController.php(286): LoginController->runAction()
#6 D:\wamp\www\framework\web\CController.php(265): LoginController->runActionWithFilters()
#7 D:\wamp\www\framework\web\CWebApplication.php(282): LoginController->run()
#8 D:\wamp\www\framework\web\CWebApplication.php(141): CWebApplication->runController()
#9 D:\wamp\www\framework\base\CApplication.php(184): CWebApplication->processRequest()
#10 D:\wamp\www\lzy\www\index.php(10): CWebApplication->run()
REQUEST_URI=/admin/login.html
in D:\wamp\www\lzy\protected\modules\admin\views\login\index.php (44)
in D:\wamp\www\lzy\protected\modules\admin\controllers\LoginController.php (18)
in D:\wamp\www\lzy\www\index.php (10)
2016/06/13 09:25:30 [error] [php] Undefined variable: model (D:\wamp\www\lzy\protected\modules\admin\views\login\index.php:44)
Stack trace:
#0 D:\wamp\www\framework\web\CController.php(869): LoginController->renderFile()
#1 D:\wamp\www\framework\web\CController.php(782): LoginController->renderPartial()
#2 D:\wamp\www\lzy\protected\modules\admin\controllers\LoginController.php(18): LoginController->render()
#3 D:\wamp\www\framework\web\actions\CInlineAction.php(49): LoginController->actionIndex()
#4 D:\wamp\www\framework\web\CController.php(308): CInlineAction->runWithParams()
#5 D:\wamp\www\framework\web\CController.php(286): LoginController->runAction()
#6 D:\wamp\www\framework\web\CController.php(265): LoginController->runActionWithFilters()
#7 D:\wamp\www\framework\web\CWebApplication.php(282): LoginController->run()
#8 D:\wamp\www\framework\web\CWebApplication.php(141): CWebApplication->runController()
#9 D:\wamp\www\framework\base\CApplication.php(184): CWebApplication->processRequest()
#10 D:\wamp\www\lzy\www\index.php(10): CWebApplication->run()
REQUEST_URI=/admin/login.html
in D:\wamp\www\lzy\protected\modules\admin\views\login\index.php (44)
in D:\wamp\www\lzy\protected\modules\admin\controllers\LoginController.php (18)
in D:\wamp\www\lzy\www\index.php (10)
2016/06/13 10:06:19 [error] [php] Use of undefined constant admin - assumed 'admin' (D:\wamp\www\lzy\protected\modules\admin\views\login\index.php:43)
Stack trace:
#0 D:\wamp\www\framework\web\CController.php(869): LoginController->renderFile()
#1 D:\wamp\www\framework\web\CController.php(782): LoginController->renderPartial()
#2 D:\wamp\www\lzy\protected\modules\admin\controllers\LoginController.php(33): LoginController->render()
#3 D:\wamp\www\framework\web\actions\CInlineAction.php(49): LoginController->actionIndex()
#4 D:\wamp\www\framework\web\CController.php(308): CInlineAction->runWithParams()
#5 D:\wamp\www\framework\web\CController.php(286): LoginController->runAction()
#6 D:\wamp\www\framework\web\CController.php(265): LoginController->runActionWithFilters()
#7 D:\wamp\www\framework\web\CWebApplication.php(282): LoginController->run()
#8 D:\wamp\www\framework\web\CWebApplication.php(141): CWebApplication->runController()
#9 D:\wamp\www\framework\base\CApplication.php(184): CWebApplication->processRequest()
#10 D:\wamp\www\lzy\www\index.php(10): CWebApplication->run()
REQUEST_URI=/admin/login.html
in D:\wamp\www\lzy\protected\modules\admin\views\login\index.php (43)
in D:\wamp\www\lzy\protected\modules\admin\controllers\LoginController.php (33)
in D:\wamp\www\lzy\www\index.php (10)
2016/06/13 10:06:22 [error] [php] Use of undefined constant admin - assumed 'admin' (D:\wamp\www\lzy\protected\modules\admin\views\login\index.php:43)
Stack trace:
#0 D:\wamp\www\framework\web\CController.php(869): LoginController->renderFile()
#1 D:\wamp\www\framework\web\CController.php(782): LoginController->renderPartial()
#2 D:\wamp\www\lzy\protected\modules\admin\controllers\LoginController.php(33): LoginController->render()
#3 D:\wamp\www\framework\web\actions\CInlineAction.php(49): LoginController->actionIndex()
#4 D:\wamp\www\framework\web\CController.php(308): CInlineAction->runWithParams()
#5 D:\wamp\www\framework\web\CController.php(286): LoginController->runAction()
#6 D:\wamp\www\framework\web\CController.php(265): LoginController->runActionWithFilters()
#7 D:\wamp\www\framework\web\CWebApplication.php(282): LoginController->run()
#8 D:\wamp\www\framework\web\CWebApplication.php(141): CWebApplication->runController()
#9 D:\wamp\www\framework\base\CApplication.php(184): CWebApplication->processRequest()
#10 D:\wamp\www\lzy\www\index.php(10): CWebApplication->run()
REQUEST_URI=/admin/login.html
in D:\wamp\www\lzy\protected\modules\admin\views\login\index.php (43)
in D:\wamp\www\lzy\protected\modules\admin\controllers\LoginController.php (33)
in D:\wamp\www\lzy\www\index.php (10)
2016/06/13 10:06:23 [error] [php] Use of undefined constant admin - assumed 'admin' (D:\wamp\www\lzy\protected\modules\admin\views\login\index.php:43)
Stack trace:
#0 D:\wamp\www\framework\web\CController.php(869): LoginController->renderFile()
#1 D:\wamp\www\framework\web\CController.php(782): LoginController->renderPartial()
#2 D:\wamp\www\lzy\protected\modules\admin\controllers\LoginController.php(33): LoginController->render()
#3 D:\wamp\www\framework\web\actions\CInlineAction.php(49): LoginController->actionIndex()
#4 D:\wamp\www\framework\web\CController.php(308): CInlineAction->runWithParams()
#5 D:\wamp\www\framework\web\CController.php(286): LoginController->runAction()
#6 D:\wamp\www\framework\web\CController.php(265): LoginController->runActionWithFilters()
#7 D:\wamp\www\framework\web\CWebApplication.php(282): LoginController->run()
#8 D:\wamp\www\framework\web\CWebApplication.php(141): CWebApplication->runController()
#9 D:\wamp\www\framework\base\CApplication.php(184): CWebApplication->processRequest()
#10 D:\wamp\www\lzy\www\index.php(10): CWebApplication->run()
REQUEST_URI=/admin/login.html
in D:\wamp\www\lzy\protected\modules\admin\views\login\index.php (43)
in D:\wamp\www\lzy\protected\modules\admin\controllers\LoginController.php (33)
in D:\wamp\www\lzy\www\index.php (10)
2016/06/13 10:06:23 [error] [php] Use of undefined constant admin - assumed 'admin' (D:\wamp\www\lzy\protected\modules\admin\views\login\index.php:43)
Stack trace:
#0 D:\wamp\www\framework\web\CController.php(869): LoginController->renderFile()
#1 D:\wamp\www\framework\web\CController.php(782): LoginController->renderPartial()
#2 D:\wamp\www\lzy\protected\modules\admin\controllers\LoginController.php(33): LoginController->render()
#3 D:\wamp\www\framework\web\actions\CInlineAction.php(49): LoginController->actionIndex()
#4 D:\wamp\www\framework\web\CController.php(308): CInlineAction->runWithParams()
#5 D:\wamp\www\framework\web\CController.php(286): LoginController->runAction()
#6 D:\wamp\www\framework\web\CController.php(265): LoginController->runActionWithFilters()
#7 D:\wamp\www\framework\web\CWebApplication.php(282): LoginController->run()
#8 D:\wamp\www\framework\web\CWebApplication.php(141): CWebApplication->runController()
#9 D:\wamp\www\framework\base\CApplication.php(184): CWebApplication->processRequest()
#10 D:\wamp\www\lzy\www\index.php(10): CWebApplication->run()
REQUEST_URI=/admin/login.html
in D:\wamp\www\lzy\protected\modules\admin\views\login\index.php (43)
in D:\wamp\www\lzy\protected\modules\admin\controllers\LoginController.php (33)
in D:\wamp\www\lzy\www\index.php (10)
2016/06/13 10:06:23 [error] [php] Use of undefined constant admin - assumed 'admin' (D:\wamp\www\lzy\protected\modules\admin\views\login\index.php:43)
Stack trace:
#0 D:\wamp\www\framework\web\CController.php(869): LoginController->renderFile()
#1 D:\wamp\www\framework\web\CController.php(782): LoginController->renderPartial()
#2 D:\wamp\www\lzy\protected\modules\admin\controllers\LoginController.php(33): LoginController->render()
#3 D:\wamp\www\framework\web\actions\CInlineAction.php(49): LoginController->actionIndex()
#4 D:\wamp\www\framework\web\CController.php(308): CInlineAction->runWithParams()
#5 D:\wamp\www\framework\web\CController.php(286): LoginController->runAction()
#6 D:\wamp\www\framework\web\CController.php(265): LoginController->runActionWithFilters()
#7 D:\wamp\www\framework\web\CWebApplication.php(282): LoginController->run()
#8 D:\wamp\www\framework\web\CWebApplication.php(141): CWebApplication->runController()
#9 D:\wamp\www\framework\base\CApplication.php(184): CWebApplication->processRequest()
#10 D:\wamp\www\lzy\www\index.php(10): CWebApplication->run()
REQUEST_URI=/admin/login.html
in D:\wamp\www\lzy\protected\modules\admin\views\login\index.php (43)
in D:\wamp\www\lzy\protected\modules\admin\controllers\LoginController.php (33)
in D:\wamp\www\lzy\www\index.php (10)
2016/06/13 10:06:23 [error] [php] Use of undefined constant admin - assumed 'admin' (D:\wamp\www\lzy\protected\modules\admin\views\login\index.php:43)
Stack trace:
#0 D:\wamp\www\framework\web\CController.php(869): LoginController->renderFile()
#1 D:\wamp\www\framework\web\CController.php(782): LoginController->renderPartial()
#2 D:\wamp\www\lzy\protected\modules\admin\controllers\LoginController.php(33): LoginController->render()
#3 D:\wamp\www\framework\web\actions\CInlineAction.php(49): LoginController->actionIndex()
#4 D:\wamp\www\framework\web\CController.php(308): CInlineAction->runWithParams()
#5 D:\wamp\www\framework\web\CController.php(286): LoginController->runAction()
#6 D:\wamp\www\framework\web\CController.php(265): LoginController->runActionWithFilters()
#7 D:\wamp\www\framework\web\CWebApplication.php(282): LoginController->run()
#8 D:\wamp\www\framework\web\CWebApplication.php(141): CWebApplication->runController()
#9 D:\wamp\www\framework\base\CApplication.php(184): CWebApplication->processRequest()
#10 D:\wamp\www\lzy\www\index.php(10): CWebApplication->run()
REQUEST_URI=/admin/login.html
in D:\wamp\www\lzy\protected\modules\admin\views\login\index.php (43)
in D:\wamp\www\lzy\protected\modules\admin\controllers\LoginController.php (33)
in D:\wamp\www\lzy\www\index.php (10)
2016/06/13 10:06:23 [error] [php] Use of undefined constant admin - assumed 'admin' (D:\wamp\www\lzy\protected\modules\admin\views\login\index.php:43)
Stack trace:
#0 D:\wamp\www\framework\web\CController.php(869): LoginController->renderFile()
#1 D:\wamp\www\framework\web\CController.php(782): LoginController->renderPartial()
#2 D:\wamp\www\lzy\protected\modules\admin\controllers\LoginController.php(33): LoginController->render()
#3 D:\wamp\www\framework\web\actions\CInlineAction.php(49): LoginController->actionIndex()
#4 D:\wamp\www\framework\web\CController.php(308): CInlineAction->runWithParams()
#5 D:\wamp\www\framework\web\CController.php(286): LoginController->runAction()
#6 D:\wamp\www\framework\web\CController.php(265): LoginController->runActionWithFilters()
#7 D:\wamp\www\framework\web\CWebApplication.php(282): LoginController->run()
#8 D:\wamp\www\framework\web\CWebApplication.php(141): CWebApplication->runController()
#9 D:\wamp\www\framework\base\CApplication.php(184): CWebApplication->processRequest()
#10 D:\wamp\www\lzy\www\index.php(10): CWebApplication->run()
REQUEST_URI=/admin/login.html
in D:\wamp\www\lzy\protected\modules\admin\views\login\index.php (43)
in D:\wamp\www\lzy\protected\modules\admin\controllers\LoginController.php (33)
in D:\wamp\www\lzy\www\index.php (10)
2016/06/13 10:06:23 [error] [php] Use of undefined constant admin - assumed 'admin' (D:\wamp\www\lzy\protected\modules\admin\views\login\index.php:43)
Stack trace:
#0 D:\wamp\www\framework\web\CController.php(869): LoginController->renderFile()
#1 D:\wamp\www\framework\web\CController.php(782): LoginController->renderPartial()
#2 D:\wamp\www\lzy\protected\modules\admin\controllers\LoginController.php(33): LoginController->render()
#3 D:\wamp\www\framework\web\actions\CInlineAction.php(49): LoginController->actionIndex()
#4 D:\wamp\www\framework\web\CController.php(308): CInlineAction->runWithParams()
#5 D:\wamp\www\framework\web\CController.php(286): LoginController->runAction()
#6 D:\wamp\www\framework\web\CController.php(265): LoginController->runActionWithFilters()
#7 D:\wamp\www\framework\web\CWebApplication.php(282): LoginController->run()
#8 D:\wamp\www\framework\web\CWebApplication.php(141): CWebApplication->runController()
#9 D:\wamp\www\framework\base\CApplication.php(184): CWebApplication->processRequest()
#10 D:\wamp\www\lzy\www\index.php(10): CWebApplication->run()
REQUEST_URI=/admin/login.html
in D:\wamp\www\lzy\protected\modules\admin\views\login\index.php (43)
in D:\wamp\www\lzy\protected\modules\admin\controllers\LoginController.php (33)
in D:\wamp\www\lzy\www\index.php (10)
2016/06/13 10:06:23 [error] [php] Use of undefined constant admin - assumed 'admin' (D:\wamp\www\lzy\protected\modules\admin\views\login\index.php:43)
Stack trace:
#0 D:\wamp\www\framework\web\CController.php(869): LoginController->renderFile()
#1 D:\wamp\www\framework\web\CController.php(782): LoginController->renderPartial()
#2 D:\wamp\www\lzy\protected\modules\admin\controllers\LoginController.php(33): LoginController->render()
#3 D:\wamp\www\framework\web\actions\CInlineAction.php(49): LoginController->actionIndex()
#4 D:\wamp\www\framework\web\CController.php(308): CInlineAction->runWithParams()
#5 D:\wamp\www\framework\web\CController.php(286): LoginController->runAction()
#6 D:\wamp\www\framework\web\CController.php(265): LoginController->runActionWithFilters()
#7 D:\wamp\www\framework\web\CWebApplication.php(282): LoginController->run()
#8 D:\wamp\www\framework\web\CWebApplication.php(141): CWebApplication->runController()
#9 D:\wamp\www\framework\base\CApplication.php(184): CWebApplication->processRequest()
#10 D:\wamp\www\lzy\www\index.php(10): CWebApplication->run()
REQUEST_URI=/admin/login.html
in D:\wamp\www\lzy\protected\modules\admin\views\login\index.php (43)
in D:\wamp\www\lzy\protected\modules\admin\controllers\LoginController.php (33)
in D:\wamp\www\lzy\www\index.php (10)
2016/06/13 10:06:23 [error] [php] Use of undefined constant admin - assumed 'admin' (D:\wamp\www\lzy\protected\modules\admin\views\login\index.php:43)
Stack trace:
#0 D:\wamp\www\framework\web\CController.php(869): LoginController->renderFile()
#1 D:\wamp\www\framework\web\CController.php(782): LoginController->renderPartial()
#2 D:\wamp\www\lzy\protected\modules\admin\controllers\LoginController.php(33): LoginController->render()
#3 D:\wamp\www\framework\web\actions\CInlineAction.php(49): LoginController->actionIndex()
#4 D:\wamp\www\framework\web\CController.php(308): CInlineAction->runWithParams()
#5 D:\wamp\www\framework\web\CController.php(286): LoginController->runAction()
#6 D:\wamp\www\framework\web\CController.php(265): LoginController->runActionWithFilters()
#7 D:\wamp\www\framework\web\CWebApplication.php(282): LoginController->run()
#8 D:\wamp\www\framework\web\CWebApplication.php(141): CWebApplication->runController()
#9 D:\wamp\www\framework\base\CApplication.php(184): CWebApplication->processRequest()
#10 D:\wamp\www\lzy\www\index.php(10): CWebApplication->run()
REQUEST_URI=/admin/login.html
in D:\wamp\www\lzy\protected\modules\admin\views\login\index.php (43)
in D:\wamp\www\lzy\protected\modules\admin\controllers\LoginController.php (33)
in D:\wamp\www\lzy\www\index.php (10)
2016/06/13 10:06:23 [error] [php] Use of undefined constant admin - assumed 'admin' (D:\wamp\www\lzy\protected\modules\admin\views\login\index.php:43)
Stack trace:
#0 D:\wamp\www\framework\web\CController.php(869): LoginController->renderFile()
#1 D:\wamp\www\framework\web\CController.php(782): LoginController->renderPartial()
#2 D:\wamp\www\lzy\protected\modules\admin\controllers\LoginController.php(33): LoginController->render()
#3 D:\wamp\www\framework\web\actions\CInlineAction.php(49): LoginController->actionIndex()
#4 D:\wamp\www\framework\web\CController.php(308): CInlineAction->runWithParams()
#5 D:\wamp\www\framework\web\CController.php(286): LoginController->runAction()
#6 D:\wamp\www\framework\web\CController.php(265): LoginController->runActionWithFilters()
#7 D:\wamp\www\framework\web\CWebApplication.php(282): LoginController->run()
#8 D:\wamp\www\framework\web\CWebApplication.php(141): CWebApplication->runController()
#9 D:\wamp\www\framework\base\CApplication.php(184): CWebApplication->processRequest()
#10 D:\wamp\www\lzy\www\index.php(10): CWebApplication->run()
REQUEST_URI=/admin/login.html
in D:\wamp\www\lzy\protected\modules\admin\views\login\index.php (43)
in D:\wamp\www\lzy\protected\modules\admin\controllers\LoginController.php (33)
in D:\wamp\www\lzy\www\index.php (10)
2016/06/13 10:06:23 [error] [php] Use of undefined constant admin - assumed 'admin' (D:\wamp\www\lzy\protected\modules\admin\views\login\index.php:43)
Stack trace:
#0 D:\wamp\www\framework\web\CController.php(869): LoginController->renderFile()
#1 D:\wamp\www\framework\web\CController.php(782): LoginController->renderPartial()
#2 D:\wamp\www\lzy\protected\modules\admin\controllers\LoginController.php(33): LoginController->render()
#3 D:\wamp\www\framework\web\actions\CInlineAction.php(49): LoginController->actionIndex()
#4 D:\wamp\www\framework\web\CController.php(308): CInlineAction->runWithParams()
#5 D:\wamp\www\framework\web\CController.php(286): LoginController->runAction()
#6 D:\wamp\www\framework\web\CController.php(265): LoginController->runActionWithFilters()
#7 D:\wamp\www\framework\web\CWebApplication.php(282): LoginController->run()
#8 D:\wamp\www\framework\web\CWebApplication.php(141): CWebApplication->runController()
#9 D:\wamp\www\framework\base\CApplication.php(184): CWebApplication->processRequest()
#10 D:\wamp\www\lzy\www\index.php(10): CWebApplication->run()
REQUEST_URI=/admin/login.html
in D:\wamp\www\lzy\protected\modules\admin\views\login\index.php (43)
in D:\wamp\www\lzy\protected\modules\admin\controllers\LoginController.php (33)
in D:\wamp\www\lzy\www\index.php (10)
2016/06/13 10:06:23 [error] [php] Use of undefined constant admin - assumed 'admin' (D:\wamp\www\lzy\protected\modules\admin\views\login\index.php:43)
Stack trace:
#0 D:\wamp\www\framework\web\CController.php(869): LoginController->renderFile()
#1 D:\wamp\www\framework\web\CController.php(782): LoginController->renderPartial()
#2 D:\wamp\www\lzy\protected\modules\admin\controllers\LoginController.php(33): LoginController->render()
#3 D:\wamp\www\framework\web\actions\CInlineAction.php(49): LoginController->actionIndex()
#4 D:\wamp\www\framework\web\CController.php(308): CInlineAction->runWithParams()
#5 D:\wamp\www\framework\web\CController.php(286): LoginController->runAction()
#6 D:\wamp\www\framework\web\CController.php(265): LoginController->runActionWithFilters()
#7 D:\wamp\www\framework\web\CWebApplication.php(282): LoginController->run()
#8 D:\wamp\www\framework\web\CWebApplication.php(141): CWebApplication->runController()
#9 D:\wamp\www\framework\base\CApplication.php(184): CWebApplication->processRequest()
#10 D:\wamp\www\lzy\www\index.php(10): CWebApplication->run()
REQUEST_URI=/admin/login.html
in D:\wamp\www\lzy\protected\modules\admin\views\login\index.php (43)
in D:\wamp\www\lzy\protected\modules\admin\controllers\LoginController.php (33)
in D:\wamp\www\lzy\www\index.php (10)
2016/06/13 10:06:23 [error] [php] Use of undefined constant admin - assumed 'admin' (D:\wamp\www\lzy\protected\modules\admin\views\login\index.php:43)
Stack trace:
#0 D:\wamp\www\framework\web\CController.php(869): LoginController->renderFile()
#1 D:\wamp\www\framework\web\CController.php(782): LoginController->renderPartial()
#2 D:\wamp\www\lzy\protected\modules\admin\controllers\LoginController.php(33): LoginController->render()
#3 D:\wamp\www\framework\web\actions\CInlineAction.php(49): LoginController->actionIndex()
#4 D:\wamp\www\framework\web\CController.php(308): CInlineAction->runWithParams()
#5 D:\wamp\www\framework\web\CController.php(286): LoginController->runAction()
#6 D:\wamp\www\framework\web\CController.php(265): LoginController->runActionWithFilters()
#7 D:\wamp\www\framework\web\CWebApplication.php(282): LoginController->run()
#8 D:\wamp\www\framework\web\CWebApplication.php(141): CWebApplication->runController()
#9 D:\wamp\www\framework\base\CApplication.php(184): CWebApplication->processRequest()
#10 D:\wamp\www\lzy\www\index.php(10): CWebApplication->run()
REQUEST_URI=/admin/login.html
in D:\wamp\www\lzy\protected\modules\admin\views\login\index.php (43)
in D:\wamp\www\lzy\protected\modules\admin\controllers\LoginController.php (33)
in D:\wamp\www\lzy\www\index.php (10)
2016/06/13 10:06:23 [error] [php] Use of undefined constant admin - assumed 'admin' (D:\wamp\www\lzy\protected\modules\admin\views\login\index.php:43)
Stack trace:
#0 D:\wamp\www\framework\web\CController.php(869): LoginController->renderFile()
#1 D:\wamp\www\framework\web\CController.php(782): LoginController->renderPartial()
#2 D:\wamp\www\lzy\protected\modules\admin\controllers\LoginController.php(33): LoginController->render()
#3 D:\wamp\www\framework\web\actions\CInlineAction.php(49): LoginController->actionIndex()
#4 D:\wamp\www\framework\web\CController.php(308): CInlineAction->runWithParams()
#5 D:\wamp\www\framework\web\CController.php(286): LoginController->runAction()
#6 D:\wamp\www\framework\web\CController.php(265): LoginController->runActionWithFilters()
#7 D:\wamp\www\framework\web\CWebApplication.php(282): LoginController->run()
#8 D:\wamp\www\framework\web\CWebApplication.php(141): CWebApplication->runController()
#9 D:\wamp\www\framework\base\CApplication.php(184): CWebApplication->processRequest()
#10 D:\wamp\www\lzy\www\index.php(10): CWebApplication->run()
REQUEST_URI=/admin/login.html
in D:\wamp\www\lzy\protected\modules\admin\views\login\index.php (43)
in D:\wamp\www\lzy\protected\modules\admin\controllers\LoginController.php (33)
in D:\wamp\www\lzy\www\index.php (10)
2016/06/13 10:06:24 [error] [php] Use of undefined constant admin - assumed 'admin' (D:\wamp\www\lzy\protected\modules\admin\views\login\index.php:43)
Stack trace:
#0 D:\wamp\www\framework\web\CController.php(869): LoginController->renderFile()
#1 D:\wamp\www\framework\web\CController.php(782): LoginController->renderPartial()
#2 D:\wamp\www\lzy\protected\modules\admin\controllers\LoginController.php(33): LoginController->render()
#3 D:\wamp\www\framework\web\actions\CInlineAction.php(49): LoginController->actionIndex()
#4 D:\wamp\www\framework\web\CController.php(308): CInlineAction->runWithParams()
#5 D:\wamp\www\framework\web\CController.php(286): LoginController->runAction()
#6 D:\wamp\www\framework\web\CController.php(265): LoginController->runActionWithFilters()
#7 D:\wamp\www\framework\web\CWebApplication.php(282): LoginController->run()
#8 D:\wamp\www\framework\web\CWebApplication.php(141): CWebApplication->runController()
#9 D:\wamp\www\framework\base\CApplication.php(184): CWebApplication->processRequest()
#10 D:\wamp\www\lzy\www\index.php(10): CWebApplication->run()
REQUEST_URI=/admin/login.html
in D:\wamp\www\lzy\protected\modules\admin\views\login\index.php (43)
in D:\wamp\www\lzy\protected\modules\admin\controllers\LoginController.php (33)
in D:\wamp\www\lzy\www\index.php (10)
2016/06/13 10:06:24 [error] [php] Use of undefined constant admin - assumed 'admin' (D:\wamp\www\lzy\protected\modules\admin\views\login\index.php:43)
Stack trace:
#0 D:\wamp\www\framework\web\CController.php(869): LoginController->renderFile()
#1 D:\wamp\www\framework\web\CController.php(782): LoginController->renderPartial()
#2 D:\wamp\www\lzy\protected\modules\admin\controllers\LoginController.php(33): LoginController->render()
#3 D:\wamp\www\framework\web\actions\CInlineAction.php(49): LoginController->actionIndex()
#4 D:\wamp\www\framework\web\CController.php(308): CInlineAction->runWithParams()
#5 D:\wamp\www\framework\web\CController.php(286): LoginController->runAction()
#6 D:\wamp\www\framework\web\CController.php(265): LoginController->runActionWithFilters()
#7 D:\wamp\www\framework\web\CWebApplication.php(282): LoginController->run()
#8 D:\wamp\www\framework\web\CWebApplication.php(141): CWebApplication->runController()
#9 D:\wamp\www\framework\base\CApplication.php(184): CWebApplication->processRequest()
#10 D:\wamp\www\lzy\www\index.php(10): CWebApplication->run()
REQUEST_URI=/admin/login.html
in D:\wamp\www\lzy\protected\modules\admin\views\login\index.php (43)
in D:\wamp\www\lzy\protected\modules\admin\controllers\LoginController.php (33)
in D:\wamp\www\lzy\www\index.php (10)
2016/06/13 10:06:24 [error] [php] Use of undefined constant admin - assumed 'admin' (D:\wamp\www\lzy\protected\modules\admin\views\login\index.php:43)
Stack trace:
#0 D:\wamp\www\framework\web\CController.php(869): LoginController->renderFile()
#1 D:\wamp\www\framework\web\CController.php(782): LoginController->renderPartial()
#2 D:\wamp\www\lzy\protected\modules\admin\controllers\LoginController.php(33): LoginController->render()
#3 D:\wamp\www\framework\web\actions\CInlineAction.php(49): LoginController->actionIndex()
#4 D:\wamp\www\framework\web\CController.php(308): CInlineAction->runWithParams()
#5 D:\wamp\www\framework\web\CController.php(286): LoginController->runAction()
#6 D:\wamp\www\framework\web\CController.php(265): LoginController->runActionWithFilters()
#7 D:\wamp\www\framework\web\CWebApplication.php(282): LoginController->run()
#8 D:\wamp\www\framework\web\CWebApplication.php(141): CWebApplication->runController()
#9 D:\wamp\www\framework\base\CApplication.php(184): CWebApplication->processRequest()
#10 D:\wamp\www\lzy\www\index.php(10): CWebApplication->run()
REQUEST_URI=/admin/login.html
in D:\wamp\www\lzy\protected\modules\admin\views\login\index.php (43)
in D:\wamp\www\lzy\protected\modules\admin\controllers\LoginController.php (33)
in D:\wamp\www\lzy\www\index.php (10)
2016/06/13 10:06:24 [error] [php] Use of undefined constant admin - assumed 'admin' (D:\wamp\www\lzy\protected\modules\admin\views\login\index.php:43)
Stack trace:
#0 D:\wamp\www\framework\web\CController.php(869): LoginController->renderFile()
#1 D:\wamp\www\framework\web\CController.php(782): LoginController->renderPartial()
#2 D:\wamp\www\lzy\protected\modules\admin\controllers\LoginController.php(33): LoginController->render()
#3 D:\wamp\www\framework\web\actions\CInlineAction.php(49): LoginController->actionIndex()
#4 D:\wamp\www\framework\web\CController.php(308): CInlineAction->runWithParams()
#5 D:\wamp\www\framework\web\CController.php(286): LoginController->runAction()
#6 D:\wamp\www\framework\web\CController.php(265): LoginController->runActionWithFilters()
#7 D:\wamp\www\framework\web\CWebApplication.php(282): LoginController->run()
#8 D:\wamp\www\framework\web\CWebApplication.php(141): CWebApplication->runController()
#9 D:\wamp\www\framework\base\CApplication.php(184): CWebApplication->processRequest()
#10 D:\wamp\www\lzy\www\index.php(10): CWebApplication->run()
REQUEST_URI=/admin/login.html
in D:\wamp\www\lzy\protected\modules\admin\views\login\index.php (43)
in D:\wamp\www\lzy\protected\modules\admin\controllers\LoginController.php (33)
in D:\wamp\www\lzy\www\index.php (10)
2016/06/13 10:07:01 [error] [php] Use of undefined constant admin - assumed 'admin' (D:\wamp\www\lzy\protected\modules\admin\views\login\index.php:43)
Stack trace:
#0 D:\wamp\www\framework\web\CController.php(869): LoginController->renderFile()
#1 D:\wamp\www\framework\web\CController.php(782): LoginController->renderPartial()
#2 D:\wamp\www\lzy\protected\modules\admin\controllers\LoginController.php(33): LoginController->render()
#3 D:\wamp\www\framework\web\actions\CInlineAction.php(49): LoginController->actionIndex()
#4 D:\wamp\www\framework\web\CController.php(308): CInlineAction->runWithParams()
#5 D:\wamp\www\framework\web\CController.php(286): LoginController->runAction()
#6 D:\wamp\www\framework\web\CController.php(265): LoginController->runActionWithFilters()
#7 D:\wamp\www\framework\web\CWebApplication.php(282): LoginController->run()
#8 D:\wamp\www\framework\web\CWebApplication.php(141): CWebApplication->runController()
#9 D:\wamp\www\framework\base\CApplication.php(184): CWebApplication->processRequest()
#10 D:\wamp\www\lzy\www\index.php(10): CWebApplication->run()
REQUEST_URI=/admin/login.html
in D:\wamp\www\lzy\protected\modules\admin\views\login\index.php (43)
in D:\wamp\www\lzy\protected\modules\admin\controllers\LoginController.php (33)
in D:\wamp\www\lzy\www\index.php (10)
2016/06/13 10:08:51 [error] [exception.CException] exception 'CException' with message '属性 "Admin.id" 未被定义.' in D:\wamp\www\framework\base\CComponent.php:130
Stack trace:
#0 D:\wamp\www\framework\db\ar\CActiveRecord.php(145): CComponent->__get('id')
#1 D:\wamp\www\lzy\protected\modules\admin\components\UserIdentity.php(31): CActiveRecord->__get('id')
#2 D:\wamp\www\lzy\protected\modules\admin\models\LoginForm.php(84): UserIdentity->authenticate()
#3 D:\wamp\www\framework\validators\CInlineValidator.php(42): LoginForm->authenticate('password', Array)
#4 D:\wamp\www\framework\validators\CValidator.php(201): CInlineValidator->validateAttribute(Object(LoginForm), 'password')
#5 D:\wamp\www\framework\base\CModel.php(159): CValidator->validate(Object(LoginForm), NULL)
#6 D:\wamp\www\framework\web\widgets\CActiveForm.php(987): CModel->validate(NULL)
#7 D:\wamp\www\lzy\protected\modules\admin\controllers\LoginController.php(20): CActiveForm::validate(Object(LoginForm))
#8 D:\wamp\www\framework\web\actions\CInlineAction.php(49): LoginController->actionIndex()
#9 D:\wamp\www\framework\web\CController.php(308): CInlineAction->runWithParams(Array)
#10 D:\wamp\www\framework\web\CController.php(286): CController->runAction(Object(CInlineAction))
#11 D:\wamp\www\framework\web\CController.php(265): CController->runActionWithFilters(Object(CInlineAction), Array)
#12 D:\wamp\www\framework\web\CWebApplication.php(282): CController->run('')
#13 D:\wamp\www\framework\web\CWebApplication.php(141): CWebApplication->runController('admin/login')
#14 D:\wamp\www\framework\base\CApplication.php(184): CWebApplication->processRequest()
#15 D:\wamp\www\lzy\www\index.php(10): CApplication->run()
#16 {main}
REQUEST_URI=/admin/login.html
HTTP_REFERER=http://lzy.loc/admin/login.html
---
2016/06/13 10:08:52 [error] [exception.CException] exception 'CException' with message '属性 "Admin.id" 未被定义.' in D:\wamp\www\framework\base\CComponent.php:130
Stack trace:
#0 D:\wamp\www\framework\db\ar\CActiveRecord.php(145): CComponent->__get('id')
#1 D:\wamp\www\lzy\protected\modules\admin\components\UserIdentity.php(31): CActiveRecord->__get('id')
#2 D:\wamp\www\lzy\protected\modules\admin\models\LoginForm.php(84): UserIdentity->authenticate()
#3 D:\wamp\www\framework\validators\CInlineValidator.php(42): LoginForm->authenticate('password', Array)
#4 D:\wamp\www\framework\validators\CValidator.php(201): CInlineValidator->validateAttribute(Object(LoginForm), 'password')
#5 D:\wamp\www\framework\base\CModel.php(159): CValidator->validate(Object(LoginForm), NULL)
#6 D:\wamp\www\framework\web\widgets\CActiveForm.php(987): CModel->validate(NULL)
#7 D:\wamp\www\lzy\protected\modules\admin\controllers\LoginController.php(20): CActiveForm::validate(Object(LoginForm))
#8 D:\wamp\www\framework\web\actions\CInlineAction.php(49): LoginController->actionIndex()
#9 D:\wamp\www\framework\web\CController.php(308): CInlineAction->runWithParams(Array)
#10 D:\wamp\www\framework\web\CController.php(286): CController->runAction(Object(CInlineAction))
#11 D:\wamp\www\framework\web\CController.php(265): CController->runActionWithFilters(Object(CInlineAction), Array)
#12 D:\wamp\www\framework\web\CWebApplication.php(282): CController->run('')
#13 D:\wamp\www\framework\web\CWebApplication.php(141): CWebApplication->runController('admin/login')
#14 D:\wamp\www\framework\base\CApplication.php(184): CWebApplication->processRequest()
#15 D:\wamp\www\lzy\www\index.php(10): CApplication->run()
#16 {main}
REQUEST_URI=/admin/login.html
HTTP_REFERER=http://lzy.loc/admin/login.html
---
2016/06/13 10:08:53 [error] [exception.CException] exception 'CException' with message '属性 "Admin.id" 未被定义.' in D:\wamp\www\framework\base\CComponent.php:130
Stack trace:
#0 D:\wamp\www\framework\db\ar\CActiveRecord.php(145): CComponent->__get('id')
#1 D:\wamp\www\lzy\protected\modules\admin\components\UserIdentity.php(31): CActiveRecord->__get('id')
#2 D:\wamp\www\lzy\protected\modules\admin\models\LoginForm.php(84): UserIdentity->authenticate()
#3 D:\wamp\www\framework\validators\CInlineValidator.php(42): LoginForm->authenticate('password', Array)
#4 D:\wamp\www\framework\validators\CValidator.php(201): CInlineValidator->validateAttribute(Object(LoginForm), 'password')
#5 D:\wamp\www\framework\base\CModel.php(159): CValidator->validate(Object(LoginForm), NULL)
#6 D:\wamp\www\framework\web\widgets\CActiveForm.php(987): CModel->validate(NULL)
#7 D:\wamp\www\lzy\protected\modules\admin\controllers\LoginController.php(20): CActiveForm::validate(Object(LoginForm))
#8 D:\wamp\www\framework\web\actions\CInlineAction.php(49): LoginController->actionIndex()
#9 D:\wamp\www\framework\web\CController.php(308): CInlineAction->runWithParams(Array)
#10 D:\wamp\www\framework\web\CController.php(286): CController->runAction(Object(CInlineAction))
#11 D:\wamp\www\framework\web\CController.php(265): CController->runActionWithFilters(Object(CInlineAction), Array)
#12 D:\wamp\www\framework\web\CWebApplication.php(282): CController->run('')
#13 D:\wamp\www\framework\web\CWebApplication.php(141): CWebApplication->runController('admin/login')
#14 D:\wamp\www\framework\base\CApplication.php(184): CWebApplication->processRequest()
#15 D:\wamp\www\lzy\www\index.php(10): CApplication->run()
#16 {main}
REQUEST_URI=/admin/login.html
HTTP_REFERER=http://lzy.loc/admin/login.html
---
2016/06/13 10:08:53 [error] [exception.CException] exception 'CException' with message '属性 "Admin.id" 未被定义.' in D:\wamp\www\framework\base\CComponent.php:130
Stack trace:
#0 D:\wamp\www\framework\db\ar\CActiveRecord.php(145): CComponent->__get('id')
#1 D:\wamp\www\lzy\protected\modules\admin\components\UserIdentity.php(31): CActiveRecord->__get('id')
#2 D:\wamp\www\lzy\protected\modules\admin\models\LoginForm.php(84): UserIdentity->authenticate()
#3 D:\wamp\www\framework\validators\CInlineValidator.php(42): LoginForm->authenticate('password', Array)
#4 D:\wamp\www\framework\validators\CValidator.php(201): CInlineValidator->validateAttribute(Object(LoginForm), 'password')
#5 D:\wamp\www\framework\base\CModel.php(159): CValidator->validate(Object(LoginForm), NULL)
#6 D:\wamp\www\framework\web\widgets\CActiveForm.php(987): CModel->validate(NULL)
#7 D:\wamp\www\lzy\protected\modules\admin\controllers\LoginController.php(20): CActiveForm::validate(Object(LoginForm))
#8 D:\wamp\www\framework\web\actions\CInlineAction.php(49): LoginController->actionIndex()
#9 D:\wamp\www\framework\web\CController.php(308): CInlineAction->runWithParams(Array)
#10 D:\wamp\www\framework\web\CController.php(286): CController->runAction(Object(CInlineAction))
#11 D:\wamp\www\framework\web\CController.php(265): CController->runActionWithFilters(Object(CInlineAction), Array)
#12 D:\wamp\www\framework\web\CWebApplication.php(282): CController->run('')
#13 D:\wamp\www\framework\web\CWebApplication.php(141): CWebApplication->runController('admin/login')
#14 D:\wamp\www\framework\base\CApplication.php(184): CWebApplication->processRequest()
#15 D:\wamp\www\lzy\www\index.php(10): CApplication->run()
#16 {main}
REQUEST_URI=/admin/login.html
HTTP_REFERER=http://lzy.loc/admin/login.html
---
2016/06/13 10:08:54 [error] [exception.CException] exception 'CException' with message '属性 "Admin.id" 未被定义.' in D:\wamp\www\framework\base\CComponent.php:130
Stack trace:
#0 D:\wamp\www\framework\db\ar\CActiveRecord.php(145): CComponent->__get('id')
#1 D:\wamp\www\lzy\protected\modules\admin\components\UserIdentity.php(31): CActiveRecord->__get('id')
#2 D:\wamp\www\lzy\protected\modules\admin\models\LoginForm.php(84): UserIdentity->authenticate()
#3 D:\wamp\www\framework\validators\CInlineValidator.php(42): LoginForm->authenticate('password', Array)
#4 D:\wamp\www\framework\validators\CValidator.php(201): CInlineValidator->validateAttribute(Object(LoginForm), 'password')
#5 D:\wamp\www\framework\base\CModel.php(159): CValidator->validate(Object(LoginForm), NULL)
#6 D:\wamp\www\framework\web\widgets\CActiveForm.php(987): CModel->validate(NULL)
#7 D:\wamp\www\lzy\protected\modules\admin\controllers\LoginController.php(20): CActiveForm::validate(Object(LoginForm))
#8 D:\wamp\www\framework\web\actions\CInlineAction.php(49): LoginController->actionIndex()
#9 D:\wamp\www\framework\web\CController.php(308): CInlineAction->runWithParams(Array)
#10 D:\wamp\www\framework\web\CController.php(286): CController->runAction(Object(CInlineAction))
#11 D:\wamp\www\framework\web\CController.php(265): CController->runActionWithFilters(Object(CInlineAction), Array)
#12 D:\wamp\www\framework\web\CWebApplication.php(282): CController->run('')
#13 D:\wamp\www\framework\web\CWebApplication.php(141): CWebApplication->runController('admin/login')
#14 D:\wamp\www\framework\base\CApplication.php(184): CWebApplication->processRequest()
#15 D:\wamp\www\lzy\www\index.php(10): CApplication->run()
#16 {main}
REQUEST_URI=/admin/login.html
HTTP_REFERER=http://lzy.loc/admin/login.html
---
2016/06/13 10:08:54 [error] [exception.CException] exception 'CException' with message '属性 "Admin.id" 未被定义.' in D:\wamp\www\framework\base\CComponent.php:130
Stack trace:
#0 D:\wamp\www\framework\db\ar\CActiveRecord.php(145): CComponent->__get('id')
#1 D:\wamp\www\lzy\protected\modules\admin\components\UserIdentity.php(31): CActiveRecord->__get('id')
#2 D:\wamp\www\lzy\protected\modules\admin\models\LoginForm.php(84): UserIdentity->authenticate()
#3 D:\wamp\www\framework\validators\CInlineValidator.php(42): LoginForm->authenticate('password', Array)
#4 D:\wamp\www\framework\validators\CValidator.php(201): CInlineValidator->validateAttribute(Object(LoginForm), 'password')
#5 D:\wamp\www\framework\base\CModel.php(159): CValidator->validate(Object(LoginForm), NULL)
#6 D:\wamp\www\framework\web\widgets\CActiveForm.php(987): CModel->validate(NULL)
#7 D:\wamp\www\lzy\protected\modules\admin\controllers\LoginController.php(20): CActiveForm::validate(Object(LoginForm))
#8 D:\wamp\www\framework\web\actions\CInlineAction.php(49): LoginController->actionIndex()
#9 D:\wamp\www\framework\web\CController.php(308): CInlineAction->runWithParams(Array)
#10 D:\wamp\www\framework\web\CController.php(286): CController->runAction(Object(CInlineAction))
#11 D:\wamp\www\framework\web\CController.php(265): CController->runActionWithFilters(Object(CInlineAction), Array)
#12 D:\wamp\www\framework\web\CWebApplication.php(282): CController->run('')
#13 D:\wamp\www\framework\web\CWebApplication.php(141): CWebApplication->runController('admin/login')
#14 D:\wamp\www\framework\base\CApplication.php(184): CWebApplication->processRequest()
#15 D:\wamp\www\lzy\www\index.php(10): CApplication->run()
#16 {main}
REQUEST_URI=/admin/login.html
HTTP_REFERER=http://lzy.loc/admin/login.html
---
2016/06/13 10:08:54 [error] [exception.CException] exception 'CException' with message '属性 "Admin.id" 未被定义.' in D:\wamp\www\framework\base\CComponent.php:130
Stack trace:
#0 D:\wamp\www\framework\db\ar\CActiveRecord.php(145): CComponent->__get('id')
#1 D:\wamp\www\lzy\protected\modules\admin\components\UserIdentity.php(31): CActiveRecord->__get('id')
#2 D:\wamp\www\lzy\protected\modules\admin\models\LoginForm.php(84): UserIdentity->authenticate()
#3 D:\wamp\www\framework\validators\CInlineValidator.php(42): LoginForm->authenticate('password', Array)
#4 D:\wamp\www\framework\validators\CValidator.php(201): CInlineValidator->validateAttribute(Object(LoginForm), 'password')
#5 D:\wamp\www\framework\base\CModel.php(159): CValidator->validate(Object(LoginForm), NULL)
#6 D:\wamp\www\framework\web\widgets\CActiveForm.php(987): CModel->validate(NULL)
#7 D:\wamp\www\lzy\protected\modules\admin\controllers\LoginController.php(20): CActiveForm::validate(Object(LoginForm))
#8 D:\wamp\www\framework\web\actions\CInlineAction.php(49): LoginController->actionIndex()
#9 D:\wamp\www\framework\web\CController.php(308): CInlineAction->runWithParams(Array)
#10 D:\wamp\www\framework\web\CController.php(286): CController->runAction(Object(CInlineAction))
#11 D:\wamp\www\framework\web\CController.php(265): CController->runActionWithFilters(Object(CInlineAction), Array)
#12 D:\wamp\www\framework\web\CWebApplication.php(282): CController->run('')
#13 D:\wamp\www\framework\web\CWebApplication.php(141): CWebApplication->runController('admin/login')
#14 D:\wamp\www\framework\base\CApplication.php(184): CWebApplication->processRequest()
#15 D:\wamp\www\lzy\www\index.php(10): CApplication->run()
#16 {main}
REQUEST_URI=/admin/login.html
HTTP_REFERER=http://lzy.loc/admin/login.html
---
2016/06/13 10:08:55 [error] [exception.CException] exception 'CException' with message '属性 "Admin.id" 未被定义.' in D:\wamp\www\framework\base\CComponent.php:130
Stack trace:
#0 D:\wamp\www\framework\db\ar\CActiveRecord.php(145): CComponent->__get('id')
#1 D:\wamp\www\lzy\protected\modules\admin\components\UserIdentity.php(31): CActiveRecord->__get('id')
#2 D:\wamp\www\lzy\protected\modules\admin\models\LoginForm.php(84): UserIdentity->authenticate()
#3 D:\wamp\www\framework\validators\CInlineValidator.php(42): LoginForm->authenticate('password', Array)
#4 D:\wamp\www\framework\validators\CValidator.php(201): CInlineValidator->validateAttribute(Object(LoginForm), 'password')
#5 D:\wamp\www\framework\base\CModel.php(159): CValidator->validate(Object(LoginForm), NULL)
#6 D:\wamp\www\framework\web\widgets\CActiveForm.php(987): CModel->validate(NULL)
#7 D:\wamp\www\lzy\protected\modules\admin\controllers\LoginController.php(20): CActiveForm::validate(Object(LoginForm))
#8 D:\wamp\www\framework\web\actions\CInlineAction.php(49): LoginController->actionIndex()
#9 D:\wamp\www\framework\web\CController.php(308): CInlineAction->runWithParams(Array)
#10 D:\wamp\www\framework\web\CController.php(286): CController->runAction(Object(CInlineAction))
#11 D:\wamp\www\framework\web\CController.php(265): CController->runActionWithFilters(Object(CInlineAction), Array)
#12 D:\wamp\www\framework\web\CWebApplication.php(282): CController->run('')
#13 D:\wamp\www\framework\web\CWebApplication.php(141): CWebApplication->runController('admin/login')
#14 D:\wamp\www\framework\base\CApplication.php(184): CWebApplication->processRequest()
#15 D:\wamp\www\lzy\www\index.php(10): CApplication->run()
#16 {main}
REQUEST_URI=/admin/login.html
HTTP_REFERER=http://lzy.loc/admin/login.html
---
2016/06/13 10:08:55 [error] [exception.CException] exception 'CException' with message '属性 "Admin.id" 未被定义.' in D:\wamp\www\framework\base\CComponent.php:130
Stack trace:
#0 D:\wamp\www\framework\db\ar\CActiveRecord.php(145): CComponent->__get('id')
#1 D:\wamp\www\lzy\protected\modules\admin\components\UserIdentity.php(31): CActiveRecord->__get('id')
#2 D:\wamp\www\lzy\protected\modules\admin\models\LoginForm.php(84): UserIdentity->authenticate()
#3 D:\wamp\www\framework\validators\CInlineValidator.php(42): LoginForm->authenticate('password', Array)
#4 D:\wamp\www\framework\validators\CValidator.php(201): CInlineValidator->validateAttribute(Object(LoginForm), 'password')
#5 D:\wamp\www\framework\base\CModel.php(159): CValidator->validate(Object(LoginForm), NULL)
#6 D:\wamp\www\framework\web\widgets\CActiveForm.php(987): CModel->validate(NULL)
#7 D:\wamp\www\lzy\protected\modules\admin\controllers\LoginController.php(20): CActiveForm::validate(Object(LoginForm))
#8 D:\wamp\www\framework\web\actions\CInlineAction.php(49): LoginController->actionIndex()
#9 D:\wamp\www\framework\web\CController.php(308): CInlineAction->runWithParams(Array)
#10 D:\wamp\www\framework\web\CController.php(286): CController->runAction(Object(CInlineAction))
#11 D:\wamp\www\framework\web\CController.php(265): CController->runActionWithFilters(Object(CInlineAction), Array)
#12 D:\wamp\www\framework\web\CWebApplication.php(282): CController->run('')
#13 D:\wamp\www\framework\web\CWebApplication.php(141): CWebApplication->runController('admin/login')
#14 D:\wamp\www\framework\base\CApplication.php(184): CWebApplication->processRequest()
#15 D:\wamp\www\lzy\www\index.php(10): CApplication->run()
#16 {main}
REQUEST_URI=/admin/login.html
HTTP_REFERER=http://lzy.loc/admin/login.html
---
2016/06/13 10:08:55 [error] [exception.CException] exception 'CException' with message '属性 "Admin.id" 未被定义.' in D:\wamp\www\framework\base\CComponent.php:130
Stack trace:
#0 D:\wamp\www\framework\db\ar\CActiveRecord.php(145): CComponent->__get('id')
#1 D:\wamp\www\lzy\protected\modules\admin\components\UserIdentity.php(31): CActiveRecord->__get('id')
#2 D:\wamp\www\lzy\protected\modules\admin\models\LoginForm.php(84): UserIdentity->authenticate()
#3 D:\wamp\www\framework\validators\CInlineValidator.php(42): LoginForm->authenticate('password', Array)
#4 D:\wamp\www\framework\validators\CValidator.php(201): CInlineValidator->validateAttribute(Object(LoginForm), 'password')
#5 D:\wamp\www\framework\base\CModel.php(159): CValidator->validate(Object(LoginForm), NULL)
#6 D:\wamp\www\framework\web\widgets\CActiveForm.php(987): CModel->validate(NULL)
#7 D:\wamp\www\lzy\protected\modules\admin\controllers\LoginController.php(20): CActiveForm::validate(Object(LoginForm))
#8 D:\wamp\www\framework\web\actions\CInlineAction.php(49): LoginController->actionIndex()
#9 D:\wamp\www\framework\web\CController.php(308): CInlineAction->runWithParams(Array)
#10 D:\wamp\www\framework\web\CController.php(286): CController->runAction(Object(CInlineAction))
#11 D:\wamp\www\framework\web\CController.php(265): CController->runActionWithFilters(Object(CInlineAction), Array)
#12 D:\wamp\www\framework\web\CWebApplication.php(282): CController->run('')
#13 D:\wamp\www\framework\web\CWebApplication.php(141): CWebApplication->runController('admin/login')
#14 D:\wamp\www\framework\base\CApplication.php(184): CWebApplication->processRequest()
#15 D:\wamp\www\lzy\www\index.php(10): CApplication->run()
#16 {main}
REQUEST_URI=/admin/login.html
HTTP_REFERER=http://lzy.loc/admin/login.html
---
2016/06/13 10:13:10 [error] [exception.CException] exception 'CException' with message '属性 "Admin.id" 未被定义.' in D:\wamp\www\framework\base\CComponent.php:130
Stack trace:
#0 D:\wamp\www\framework\db\ar\CActiveRecord.php(145): CComponent->__get('id')
#1 D:\wamp\www\lzy\protected\modules\admin\components\UserIdentity.php(31): CActiveRecord->__get('id')
#2 D:\wamp\www\lzy\protected\modules\admin\models\LoginForm.php(84): UserIdentity->authenticate()
#3 D:\wamp\www\framework\validators\CInlineValidator.php(42): LoginForm->authenticate('password', Array)
#4 D:\wamp\www\framework\validators\CValidator.php(201): CInlineValidator->validateAttribute(Object(LoginForm), 'password')
#5 D:\wamp\www\framework\base\CModel.php(159): CValidator->validate(Object(LoginForm), NULL)
#6 D:\wamp\www\framework\web\widgets\CActiveForm.php(987): CModel->validate(NULL)
#7 D:\wamp\www\lzy\protected\modules\admin\controllers\LoginController.php(20): CActiveForm::validate(Object(LoginForm))
#8 D:\wamp\www\framework\web\actions\CInlineAction.php(49): LoginController->actionIndex()
#9 D:\wamp\www\framework\web\CController.php(308): CInlineAction->runWithParams(Array)
#10 D:\wamp\www\framework\web\CController.php(286): CController->runAction(Object(CInlineAction))
#11 D:\wamp\www\framework\web\CController.php(265): CController->runActionWithFilters(Object(CInlineAction), Array)
#12 D:\wamp\www\framework\web\CWebApplication.php(282): CController->run('')
#13 D:\wamp\www\framework\web\CWebApplication.php(141): CWebApplication->runController('admin/login')
#14 D:\wamp\www\framework\base\CApplication.php(184): CWebApplication->processRequest()
#15 D:\wamp\www\lzy\www\index.php(10): CApplication->run()
#16 {main}
REQUEST_URI=/admin/login.html
HTTP_REFERER=http://lzy.loc/admin/login.html
---
2016/06/13 10:13:12 [error] [exception.CException] exception 'CException' with message '属性 "Admin.id" 未被定义.' in D:\wamp\www\framework\base\CComponent.php:130
Stack trace:
#0 D:\wamp\www\framework\db\ar\CActiveRecord.php(145): CComponent->__get('id')
#1 D:\wamp\www\lzy\protected\modules\admin\components\UserIdentity.php(31): CActiveRecord->__get('id')
#2 D:\wamp\www\lzy\protected\modules\admin\models\LoginForm.php(84): UserIdentity->authenticate()
#3 D:\wamp\www\framework\validators\CInlineValidator.php(42): LoginForm->authenticate('password', Array)
#4 D:\wamp\www\framework\validators\CValidator.php(201): CInlineValidator->validateAttribute(Object(LoginForm), 'password')
#5 D:\wamp\www\framework\base\CModel.php(159): CValidator->validate(Object(LoginForm), NULL)
#6 D:\wamp\www\framework\web\widgets\CActiveForm.php(987): CModel->validate(NULL)
#7 D:\wamp\www\lzy\protected\modules\admin\controllers\LoginController.php(20): CActiveForm::validate(Object(LoginForm))
#8 D:\wamp\www\framework\web\actions\CInlineAction.php(49): LoginController->actionIndex()
#9 D:\wamp\www\framework\web\CController.php(308): CInlineAction->runWithParams(Array)
#10 D:\wamp\www\framework\web\CController.php(286): CController->runAction(Object(CInlineAction))
#11 D:\wamp\www\framework\web\CController.php(265): CController->runActionWithFilters(Object(CInlineAction), Array)
#12 D:\wamp\www\framework\web\CWebApplication.php(282): CController->run('')
#13 D:\wamp\www\framework\web\CWebApplication.php(141): CWebApplication->runController('admin/login')
#14 D:\wamp\www\framework\base\CApplication.php(184): CWebApplication->processRequest()
#15 D:\wamp\www\lzy\www\index.php(10): CApplication->run()
#16 {main}
REQUEST_URI=/admin/login.html
HTTP_REFERER=http://lzy.loc/admin/login.html
---
2016/06/13 10:13:23 [error] [exception.CException] exception 'CException' with message '属性 "Admin.id" 未被定义.' in D:\wamp\www\framework\base\CComponent.php:130
Stack trace:
#0 D:\wamp\www\framework\db\ar\CActiveRecord.php(145): CComponent->__get('id')
#1 D:\wamp\www\lzy\protected\modules\admin\components\UserIdentity.php(31): CActiveRecord->__get('id')
#2 D:\wamp\www\lzy\protected\modules\admin\models\LoginForm.php(84): UserIdentity->authenticate()
#3 D:\wamp\www\framework\validators\CInlineValidator.php(42): LoginForm->authenticate('password', Array)
#4 D:\wamp\www\framework\validators\CValidator.php(201): CInlineValidator->validateAttribute(Object(LoginForm), 'password')
#5 D:\wamp\www\framework\base\CModel.php(159): CValidator->validate(Object(LoginForm), NULL)
#6 D:\wamp\www\framework\web\widgets\CActiveForm.php(987): CModel->validate(NULL)
#7 D:\wamp\www\lzy\protected\modules\admin\controllers\LoginController.php(20): CActiveForm::validate(Object(LoginForm))
#8 D:\wamp\www\framework\web\actions\CInlineAction.php(49): LoginController->actionIndex()
#9 D:\wamp\www\framework\web\CController.php(308): CInlineAction->runWithParams(Array)
#10 D:\wamp\www\framework\web\CController.php(286): CController->runAction(Object(CInlineAction))
#11 D:\wamp\www\framework\web\CController.php(265): CController->runActionWithFilters(Object(CInlineAction), Array)
#12 D:\wamp\www\framework\web\CWebApplication.php(282): CController->run('')
#13 D:\wamp\www\framework\web\CWebApplication.php(141): CWebApplication->runController('admin/login')
#14 D:\wamp\www\framework\base\CApplication.php(184): CWebApplication->processRequest()
#15 D:\wamp\www\lzy\www\index.php(10): CApplication->run()
#16 {main}
REQUEST_URI=/admin/login.html
HTTP_REFERER=http://lzy.loc/admin/login.html
---
2016/06/13 10:23:40 [error] [exception.CException] exception 'CException' with message '属性 "Admin.login_num" 未被定义.' in D:\wamp\www\framework\base\CComponent.php:130
Stack trace:
#0 D:\wamp\www\framework\db\ar\CActiveRecord.php(145): CComponent->__get('login_num')
#1 D:\wamp\www\lzy\protected\modules\admin\components\UserIdentity.php(43): CActiveRecord->__get('login_num')
#2 D:\wamp\www\lzy\protected\modules\admin\models\LoginForm.php(104): UserIdentity->afterLogin()
#3 D:\wamp\www\lzy\protected\modules\admin\controllers\LoginController.php(26): LoginForm->login()
#4 D:\wamp\www\framework\web\actions\CInlineAction.php(49): LoginController->actionIndex()
#5 D:\wamp\www\framework\web\CController.php(308): CInlineAction->runWithParams(Array)
#6 D:\wamp\www\framework\web\CController.php(286): CController->runAction(Object(CInlineAction))
#7 D:\wamp\www\framework\web\CController.php(265): CController->runActionWithFilters(Object(CInlineAction), Array)
#8 D:\wamp\www\framework\web\CWebApplication.php(282): CController->run('')
#9 D:\wamp\www\framework\web\CWebApplication.php(141): CWebApplication->runController('admin/login')
#10 D:\wamp\www\framework\base\CApplication.php(184): CWebApplication->processRequest()
#11 D:\wamp\www\lzy\www\index.php(10): CApplication->run()
#12 {main}
REQUEST_URI=/admin/login.html
HTTP_REFERER=http://lzy.loc/admin/login.html
---
2016/06/13 10:28:37 [error] [exception.CException] exception 'CException' with message 'UserIdentity and its behaviors do not have a method or closure named "afterLogin".' in D:\wamp\www\framework\base\CComponent.php:266
Stack trace:
#0 D:\wamp\www\lzy\protected\modules\admin\models\LoginForm.php(104): CComponent->__call('afterLogin', Array)
#1 D:\wamp\www\lzy\protected\modules\admin\models\LoginForm.php(104): UserIdentity->afterLogin()
#2 D:\wamp\www\lzy\protected\modules\admin\controllers\LoginController.php(26): LoginForm->login()
#3 D:\wamp\www\framework\web\actions\CInlineAction.php(49): LoginController->actionIndex()
#4 D:\wamp\www\framework\web\CController.php(308): CInlineAction->runWithParams(Array)
#5 D:\wamp\www\framework\web\CController.php(286): CController->runAction(Object(CInlineAction))
#6 D:\wamp\www\framework\web\CController.php(265): CController->runActionWithFilters(Object(CInlineAction), Array)
#7 D:\wamp\www\framework\web\CWebApplication.php(282): CController->run('')
#8 D:\wamp\www\framework\web\CWebApplication.php(141): CWebApplication->runController('admin/login')
#9 D:\wamp\www\framework\base\CApplication.php(184): CWebApplication->processRequest()
#10 D:\wamp\www\lzy\www\index.php(10): CApplication->run()
#11 {main}
REQUEST_URI=/admin/login.html
HTTP_REFERER=http://lzy.loc/admin/login.html
---
2016/06/13 10:28:55 [error] [exception.CException] exception 'CException' with message 'UserIdentity and its behaviors do not have a method or closure named "afterLogin".' in D:\wamp\www\framework\base\CComponent.php:266
Stack trace:
#0 D:\wamp\www\lzy\protected\modules\admin\models\LoginForm.php(104): CComponent->__call('afterLogin', Array)
#1 D:\wamp\www\lzy\protected\modules\admin\models\LoginForm.php(104): UserIdentity->afterLogin()
#2 D:\wamp\www\lzy\protected\modules\admin\controllers\LoginController.php(26): LoginForm->login()
#3 D:\wamp\www\framework\web\actions\CInlineAction.php(49): LoginController->actionIndex()
#4 D:\wamp\www\framework\web\CController.php(308): CInlineAction->runWithParams(Array)
#5 D:\wamp\www\framework\web\CController.php(286): CController->runAction(Object(CInlineAction))
#6 D:\wamp\www\framework\web\CController.php(265): CController->runActionWithFilters(Object(CInlineAction), Array)
#7 D:\wamp\www\framework\web\CWebApplication.php(282): CController->run('')
#8 D:\wamp\www\framework\web\CWebApplication.php(141): CWebApplication->runController('admin/login')
#9 D:\wamp\www\framework\base\CApplication.php(184): CWebApplication->processRequest()
#10 D:\wamp\www\lzy\www\index.php(10): CApplication->run()
#11 {main}
REQUEST_URI=/admin/login.html
HTTP_REFERER=http://lzy.loc/admin/login.html
---
2016/06/13 10:33:42 [error] [exception.CException] exception 'CException' with message 'UserIdentity and its behaviors do not have a method or closure named "afterLogin".' in D:\wamp\www\framework\base\CComponent.php:266
Stack trace:
#0 D:\wamp\www\lzy\protected\modules\admin\models\LoginForm.php(104): CComponent->__call('afterLogin', Array)
#1 D:\wamp\www\lzy\protected\modules\admin\models\LoginForm.php(104): UserIdentity->afterLogin()
#2 D:\wamp\www\lzy\protected\modules\admin\controllers\LoginController.php(26): LoginForm->login()
#3 D:\wamp\www\framework\web\actions\CInlineAction.php(49): LoginController->actionIndex()
#4 D:\wamp\www\framework\web\CController.php(308): CInlineAction->runWithParams(Array)
#5 D:\wamp\www\framework\web\CController.php(286): CController->runAction(Object(CInlineAction))
#6 D:\wamp\www\framework\web\CController.php(265): CController->runActionWithFilters(Object(CInlineAction), Array)
#7 D:\wamp\www\framework\web\CWebApplication.php(282): CController->run('')
#8 D:\wamp\www\framework\web\CWebApplication.php(141): CWebApplication->runController('admin/login')
#9 D:\wamp\www\framework\base\CApplication.php(184): CWebApplication->processRequest()
#10 D:\wamp\www\lzy\www\index.php(10): CApplication->run()
#11 {main}
REQUEST_URI=/admin/login.html
HTTP_REFERER=http://lzy.loc/admin/login.html
---
2016/06/13 11:03:10 [error] [exception.CHttpException.404] exception 'CHttpException' with message '系统无法找到请求的 "logout" 动作.' in D:\wamp\www\framework\web\CController.php:483
Stack trace:
#0 D:\wamp\www\framework\web\CController.php(270): CController->missingAction('logout')
#1 D:\wamp\www\framework\web\CWebApplication.php(282): CController->run('logout')
#2 D:\wamp\www\framework\web\CWebApplication.php(141): CWebApplication->runController('admin/login/log...')
#3 D:\wamp\www\framework\base\CApplication.php(184): CWebApplication->processRequest()
#4 D:\wamp\www\lzy\www\index.php(10): CApplication->run()
#5 {main}
REQUEST_URI=/admin/login/logout.html
HTTP_REFERER=http://lzy.loc/admin/index.html
---
